/*C3*/SET SCHEMA PUBLIC
DELETE FROM ARTICLE WHERE ID=0
DELETE FROM ARTICLE WHERE ID=1
DELETE FROM ARTICLE WHERE ID=2
DELETE FROM ARTICLE WHERE ID=3
DELETE FROM ARTICLE WHERE ID=4
DELETE FROM ARTICLE WHERE ID=5
COMMIT
DELETE FROM CLIENT WHERE ID=1
COMMIT
INSERT INTO ARTICLE VALUES(0,'lala',3.6E0)
COMMIT
INSERT INTO ARTICLE VALUES(1,'test',50.0E0)
COMMIT
INSERT INTO ARTICLE VALUES(2,'toto',58.0E0)
COMMIT
INSERT INTO ARTICLE VALUES(3,'rea',1.0E0)
COMMIT
INSERT INTO ARTICLE VALUES(4,'cochon',500.0E0)
COMMIT
INSERT INTO ARTICLE VALUES(5,'vache',700.0E0)
COMMIT
INSERT INTO CLIENT VALUES(1,'chea','caroline','17 rue des champs')
COMMIT
INSERT INTO LIGNECOMMANDE VALUES(1,1,1,1)
COMMIT
INSERT INTO LIGNECOMMANDE VALUES(1,2,2,1)
COMMIT
INSERT INTO COMMANDE VALUES(1,1)
COMMIT
DISCONNECT
